# JRE version: Java(TM) SE Runtime Environment (17.0.12+8) (build 17.0.12+8-LTS-286)
# Java VM: Java HotSpot(TM) 64-Bit Server VM (17.0.12+8-LTS-286, mixed mode, sharing, tiered, compressed oops, compressed class ptrs, g1 gc, windows-amd64)
GC Precious Log:
 CPUs: 12 total, 12 available
 Memory: 16021M
 Large Page Support: Disabled
 NUMA Support: Disabled
 Compressed Oops: Enabled (Zero based)
 Heap Region Size: 2M
 Heap Min Capacity: 8M
 Heap Initial Capacity: 252M
 Heap Max Capacity: 4006M
 Pre-touch: Disabled
 Parallel Workers: 10
 Concurrent Workers: 3
 Concurrent Refinement Workers: 10
 Periodic GC: Disabled
Heap:
 garbage-first heap   total 143360K, used 46408K [0x0000000705a00000, 0x0000000800000000)
  region size 2048K, 4 young (8192K), 2 survivors (4096K)
 Metaspace       used 88434K, committed 89152K, reserved 1179648K
  class space    used 11153K, committed 11520K, reserved 1048576K
GC Heap History (20 events):
Event: 4749.830 GC heap before
{Heap before GC invocations=69 (full 8):
 garbage-first heap   total 137216K, used 109186K [0x0000000705a00000, 0x0000000800000000)
  region size 2048K, 35 young (71680K), 0 survivors (0K)
 Metaspace       used 86388K, committed 87104K, reserved 1179648K
  class space    used 10974K, committed 11328K, reserved 1048576K
}
Event: 4749.833 GC heap after
{Heap after GC invocations=70 (full 8):
 garbage-first heap   total 137216K, used 42815K [0x0000000705a00000, 0x0000000800000000)
  region size 2048K, 3 young (6144K), 3 survivors (6144K)
 Metaspace       used 86388K, committed 87104K, reserved 1179648K
  class space    used 10974K, committed 11328K, reserved 1048576K
}
Event: 4750.056 GC heap before
{Heap before GC invocations=71 (full 8):
 garbage-first heap   total 137216K, used 108351K [0x0000000705a00000, 0x0000000800000000)
  region size 2048K, 35 young (71680K), 3 survivors (6144K)
 Metaspace       used 86772K, committed 87424K, reserved 1179648K
  class space    used 11003K, committed 11328K, reserved 1048576K
}
Event: 4750.059 GC heap after
{Heap after GC invocations=72 (full 8):
 garbage-first heap   total 137216K, used 44364K [0x0000000705a00000, 0x0000000800000000)
  region size 2048K, 4 young (8192K), 4 survivors (8192K)
 Metaspace       used 86772K, committed 87424K, reserved 1179648K
  class space    used 11003K, committed 11328K, reserved 1048576K
}
Event: 4898.237 GC heap before
{Heap before GC invocations=72 (full 8):
 garbage-first heap   total 137216K, used 97612K [0x0000000705a00000, 0x0000000800000000)
  region size 2048K, 31 young (63488K), 4 survivors (8192K)
 Metaspace       used 86821K, committed 87424K, reserved 1179648K
  class space    used 11003K, committed 11328K, reserved 1048576K
}
Event: 4898.349 GC heap after
{Heap after GC invocations=73 (full 9):
 garbage-first heap   total 137216K, used 38039K [0x0000000705a00000, 0x0000000800000000)
  region size 2048K, 0 young (0K), 0 survivors (0K)
 Metaspace       used 86814K, committed 87424K, reserved 1179648K
  class space    used 11002K, committed 11328K, reserved 1048576K
}
Event: 4899.066 GC heap before
{Heap before GC invocations=73 (full 9):
 garbage-first heap   total 137216K, used 109719K [0x0000000705a00000, 0x0000000800000000)
  region size 2048K, 35 young (71680K), 0 survivors (0K)
 Metaspace       used 87247K, committed 87936K, reserved 1179648K
  class space    used 11048K, committed 11392K, reserved 1048576K
}
Event: 4899.072 GC heap after
{Heap after GC invocations=74 (full 9):
 garbage-first heap   total 137216K, used 43461K [0x0000000705a00000, 0x0000000800000000)
  region size 2048K, 3 young (6144K), 3 survivors (6144K)
 Metaspace       used 87247K, committed 87936K, reserved 1179648K
  class space    used 11048K, committed 11392K, reserved 1048576K
}
Event: 4899.290 GC heap before
{Heap before GC invocations=75 (full 9):
 garbage-first heap   total 137216K, used 108997K [0x0000000705a00000, 0x0000000800000000)
  region size 2048K, 35 young (71680K), 3 survivors (6144K)
 Metaspace       used 87600K, committed 88320K, reserved 1179648K
  class space    used 11076K, committed 11392K, reserved 1048576K
}
Event: 4899.293 GC heap after
{Heap after GC invocations=76 (full 9):
 garbage-first heap   total 137216K, used 45202K [0x0000000705a00000, 0x0000000800000000)
  region size 2048K, 4 young (8192K), 4 survivors (8192K)
 Metaspace       used 87600K, committed 88320K, reserved 1179648K
  class space    used 11076K, committed 11392K, reserved 1048576K
}
Event: 5149.316 GC heap before
{Heap before GC invocations=76 (full 9):
 garbage-first heap   total 137216K, used 110738K [0x0000000705a00000, 0x0000000800000000)
  region size 2048K, 36 young (73728K), 4 survivors (8192K)
 Metaspace       used 87613K, committed 88320K, reserved 1179648K
  class space    used 11076K, committed 11392K, reserved 1048576K
}
Event: 5149.333 GC heap after
{Heap after GC invocations=77 (full 9):
 garbage-first heap   total 165888K, used 43808K [0x0000000705a00000, 0x0000000800000000)
  region size 2048K, 2 young (4096K), 2 survivors (4096K)
 Metaspace       used 87613K, committed 88320K, reserved 1179648K
  class space    used 11076K, committed 11392K, reserved 1048576K
}
Event: 5325.703 GC heap before
{Heap before GC invocations=78 (full 9):
 garbage-first heap   total 165888K, used 72480K [0x0000000705a00000, 0x0000000800000000)
  region size 2048K, 17 young (34816K), 2 survivors (4096K)
 Metaspace       used 87626K, committed 88320K, reserved 1179648K
  class space    used 11076K, committed 11392K, reserved 1048576K
}
Event: 5326.027 GC heap after
{Heap after GC invocations=79 (full 10):
 garbage-first heap   total 143360K, used 38498K [0x0000000705a00000, 0x0000000800000000)
  region size 2048K, 0 young (0K), 0 survivors (0K)
 Metaspace       used 87622K, committed 88320K, reserved 1179648K
  class space    used 11076K, committed 11392K, reserved 1048576K
}
Event: 5327.394 GC heap before
{Heap before GC invocations=79 (full 10):
 garbage-first heap   total 143360K, used 114274K [0x0000000705a00000, 0x0000000800000000)
  region size 2048K, 37 young (75776K), 0 survivors (0K)
 Metaspace       used 88084K, committed 88768K, reserved 1179648K
  class space    used 11124K, committed 11456K, reserved 1048576K
}
Event: 5327.400 GC heap after
{Heap after GC invocations=80 (full 10):
 garbage-first heap   total 143360K, used 43726K [0x0000000705a00000, 0x0000000800000000)
  region size 2048K, 3 young (6144K), 3 survivors (6144K)
 Metaspace       used 88084K, committed 88768K, reserved 1179648K
  class space    used 11124K, committed 11456K, reserved 1048576K
}
Event: 5327.827 GC heap before
{Heap before GC invocations=81 (full 10):
 garbage-first heap   total 143360K, used 113358K [0x0000000705a00000, 0x0000000800000000)
  region size 2048K, 37 young (75776K), 3 survivors (6144K)
 Metaspace       used 88418K, committed 89152K, reserved 1179648K
  class space    used 11153K, committed 11520K, reserved 1048576K
}
Event: 5327.831 GC heap after
{Heap after GC invocations=82 (full 10):
 garbage-first heap   total 143360K, used 45532K [0x0000000705a00000, 0x0000000800000000)
  region size 2048K, 4 young (8192K), 4 survivors (8192K)
 Metaspace       used 88418K, committed 89152K, reserved 1179648K
  class space    used 11153K, committed 11520K, reserved 1048576K
}
Event: 5648.324 GC heap before
{Heap before GC invocations=82 (full 10):
 garbage-first heap   total 143360K, used 113116K [0x0000000705a00000, 0x0000000800000000)
  region size 2048K, 37 young (75776K), 4 survivors (8192K)
 Metaspace       used 88423K, committed 89152K, reserved 1179648K
  class space    used 11153K, committed 11520K, reserved 1048576K
}
Event: 5648.375 GC heap after
{Heap after GC invocations=83 (full 10):
 garbage-first heap   total 143360K, used 44360K [0x0000000705a00000, 0x0000000800000000)
  region size 2048K, 2 young (4096K), 2 survivors (4096K)
 Metaspace       used 88423K, committed 89152K, reserved 1179648K
  class space    used 11153K, committed 11520K, reserved 1048576K
}

